  stdafx.cpp
  assign1.cpp
c:\users\chw93\dropbox\curriculum\ta\assign1\assign1\assign1.cpp(40): warning C4101: 'j': unreferenced local variable
assign1.obj : error LNK2019: unresolved external symbol __imp___glutInitWithExit referenced in function glutInit_ATEXIT_HACK
assign1.obj : error LNK2019: unresolved external symbol __imp_glutMainLoop referenced in function main
assign1.obj : error LNK2019: unresolved external symbol __imp_glutPostRedisplay referenced in function "void __cdecl doIdle(void)" (?doIdle@@YAXXZ)
assign1.obj : error LNK2019: unresolved external symbol __imp___glutCreateMenuWithExit referenced in function glutCreateMenu_ATEXIT_HACK
assign1.obj : error LNK2019: unresolved external symbol __imp_glutSetMenu referenced in function main
assign1.obj : error LNK2019: unresolved external symbol __imp_glutAddMenuEntry referenced in function main
assign1.obj : error LNK2019: unresolved external symbol __imp_glutAttachMenu referenced in function main
assign1.obj : error LNK2019: unresolved external symbol __imp_glutDisplayFunc referenced in function main
assign1.obj : error LNK2019: unresolved external symbol __imp_glutMouseFunc referenced in function main
assign1.obj : error LNK2019: unresolved external symbol __imp_glutMotionFunc referenced in function main
assign1.obj : error LNK2019: unresolved external symbol __imp_glutPassiveMotionFunc referenced in function main
assign1.obj : error LNK2019: unresolved external symbol __imp_glutIdleFunc referenced in function main
assign1.obj : error LNK2019: unresolved external symbol __imp_glutGetModifiers referenced in function "void __cdecl mousebutton(int,int,int,int)" (?mousebutton@@YAXHHHH@Z)
assign1.obj : error LNK2019: unresolved external symbol jpeg_std_error referenced in function "public: struct cimg_library::CImg<unsigned char> & __cdecl cimg_library::CImg<unsigned char>::_load_jpeg(struct _iobuf * const,char const * const)" (?_load_jpeg@?$CImg@E@cimg_library@@QEAAAEAU12@QEAU_iobuf@@QEBD@Z)
assign1.obj : error LNK2019: unresolved external symbol jpeg_CreateCompress referenced in function "public: struct cimg_library::CImg<unsigned char> const & __cdecl cimg_library::CImg<unsigned char>::_save_jpeg(struct _iobuf * const,char const * const,unsigned int)const " (?_save_jpeg@?$CImg@E@cimg_library@@QEBAAEBU12@QEAU_iobuf@@QEBDI@Z)
assign1.obj : error LNK2019: unresolved external symbol jpeg_CreateDecompress referenced in function "public: struct cimg_library::CImg<unsigned char> & __cdecl cimg_library::CImg<unsigned char>::_load_jpeg(struct _iobuf * const,char const * const)" (?_load_jpeg@?$CImg@E@cimg_library@@QEAAAEAU12@QEAU_iobuf@@QEBD@Z)
assign1.obj : error LNK2019: unresolved external symbol jpeg_destroy_compress referenced in function "public: struct cimg_library::CImg<unsigned char> const & __cdecl cimg_library::CImg<unsigned char>::_save_jpeg(struct _iobuf * const,char const * const,unsigned int)const " (?_save_jpeg@?$CImg@E@cimg_library@@QEBAAEBU12@QEAU_iobuf@@QEBDI@Z)
assign1.obj : error LNK2019: unresolved external symbol jpeg_destroy_decompress referenced in function "public: struct cimg_library::CImg<unsigned char> & __cdecl cimg_library::CImg<unsigned char>::_load_jpeg(struct _iobuf * const,char const * const)" (?_load_jpeg@?$CImg@E@cimg_library@@QEAAAEAU12@QEAU_iobuf@@QEBD@Z)
assign1.obj : error LNK2019: unresolved external symbol jpeg_stdio_dest referenced in function "public: struct cimg_library::CImg<unsigned char> const & __cdecl cimg_library::CImg<unsigned char>::_save_jpeg(struct _iobuf * const,char const * const,unsigned int)const " (?_save_jpeg@?$CImg@E@cimg_library@@QEBAAEBU12@QEAU_iobuf@@QEBDI@Z)
assign1.obj : error LNK2019: unresolved external symbol jpeg_stdio_src referenced in function "public: struct cimg_library::CImg<unsigned char> & __cdecl cimg_library::CImg<unsigned char>::_load_jpeg(struct _iobuf * const,char const * const)" (?_load_jpeg@?$CImg@E@cimg_library@@QEAAAEAU12@QEAU_iobuf@@QEBD@Z)
assign1.obj : error LNK2019: unresolved external symbol jpeg_set_defaults referenced in function "public: struct cimg_library::CImg<unsigned char> const & __cdecl cimg_library::CImg<unsigned char>::_save_jpeg(struct _iobuf * const,char const * const,unsigned int)const " (?_save_jpeg@?$CImg@E@cimg_library@@QEBAAEBU12@QEAU_iobuf@@QEBDI@Z)
assign1.obj : error LNK2019: unresolved external symbol jpeg_set_quality referenced in function "public: struct cimg_library::CImg<unsigned char> const & __cdecl cimg_library::CImg<unsigned char>::_save_jpeg(struct _iobuf * const,char const * const,unsigned int)const " (?_save_jpeg@?$CImg@E@cimg_library@@QEBAAEBU12@QEAU_iobuf@@QEBDI@Z)
assign1.obj : error LNK2019: unresolved external symbol jpeg_start_compress referenced in function "public: struct cimg_library::CImg<unsigned char> const & __cdecl cimg_library::CImg<unsigned char>::_save_jpeg(struct _iobuf * const,char const * const,unsigned int)const " (?_save_jpeg@?$CImg@E@cimg_library@@QEBAAEBU12@QEAU_iobuf@@QEBDI@Z)
assign1.obj : error LNK2019: unresolved external symbol jpeg_write_scanlines referenced in function "public: struct cimg_library::CImg<unsigned char> const & __cdecl cimg_library::CImg<unsigned char>::_save_jpeg(struct _iobuf * const,char const * const,unsigned int)const " (?_save_jpeg@?$CImg@E@cimg_library@@QEBAAEBU12@QEAU_iobuf@@QEBDI@Z)
assign1.obj : error LNK2019: unresolved external symbol jpeg_finish_compress referenced in function "public: struct cimg_library::CImg<unsigned char> const & __cdecl cimg_library::CImg<unsigned char>::_save_jpeg(struct _iobuf * const,char const * const,unsigned int)const " (?_save_jpeg@?$CImg@E@cimg_library@@QEBAAEBU12@QEAU_iobuf@@QEBDI@Z)
assign1.obj : error LNK2019: unresolved external symbol jpeg_read_header referenced in function "public: struct cimg_library::CImg<unsigned char> & __cdecl cimg_library::CImg<unsigned char>::_load_jpeg(struct _iobuf * const,char const * const)" (?_load_jpeg@?$CImg@E@cimg_library@@QEAAAEAU12@QEAU_iobuf@@QEBD@Z)
assign1.obj : error LNK2019: unresolved external symbol jpeg_start_decompress referenced in function "public: struct cimg_library::CImg<unsigned char> & __cdecl cimg_library::CImg<unsigned char>::_load_jpeg(struct _iobuf * const,char const * const)" (?_load_jpeg@?$CImg@E@cimg_library@@QEAAAEAU12@QEAU_iobuf@@QEBD@Z)
assign1.obj : error LNK2019: unresolved external symbol jpeg_read_scanlines referenced in function "public: struct cimg_library::CImg<unsigned char> & __cdecl cimg_library::CImg<unsigned char>::_load_jpeg(struct _iobuf * const,char const * const)" (?_load_jpeg@?$CImg@E@cimg_library@@QEAAAEAU12@QEAU_iobuf@@QEBD@Z)
assign1.obj : error LNK2019: unresolved external symbol jpeg_finish_decompress referenced in function "public: struct cimg_library::CImg<unsigned char> & __cdecl cimg_library::CImg<unsigned char>::_load_jpeg(struct _iobuf * const,char const * const)" (?_load_jpeg@?$CImg@E@cimg_library@@QEAAAEAU12@QEAU_iobuf@@QEBD@Z)
assign1.obj : error LNK2019: unresolved external symbol jpeg_destroy referenced in function "public: static void __cdecl cimg_library::CImg<unsigned char>::_cimg_jpeg_error_exit(struct jpeg_common_struct *)" (?_cimg_jpeg_error_exit@?$CImg@E@cimg_library@@SAXPEAUjpeg_common_struct@@@Z)
picLibrary\libjpeg.lib : warning LNK4272: library machine type 'x86' conflicts with target machine type 'x64'
picLibrary\libtiff.lib : warning LNK4272: library machine type 'x86' conflicts with target machine type 'x64'
glut-3.7.6-bin\glut32.lib : warning LNK4272: library machine type 'x86' conflicts with target machine type 'x64'
C:\Users\chw93\Dropbox\Curriculum\TA\assign1\x64\Debug\assign1.exe : fatal error LNK1120: 30 unresolved externals
